#-----------------------------------------------------------
# Vivado v2018.3 (64-bit)
# SW Build 2405991 on Thu Dec  6 23:38:27 MST 2018
# IP Build 2404404 on Fri Dec  7 01:43:56 MST 2018
# Start of session at: Thu Apr  2 07:30:47 2020
# Process ID: 34320
# Current directory: C:/Users/maken/Documents/ELC Lab 2137/DL202010_meyers/Lab09/Lab09_ALU_with_Input_Register
# Command line: vivado.exe -gui_launcher_event rodinguilauncherevent35564 C:\Users\maken\Documents\ELC Lab 2137\DL202010_meyers\Lab09\Lab09_ALU_with_Input_Register\Lab09_ALU_with_Input_Register.xpr
# Log file: C:/Users/maken/Documents/ELC Lab 2137/DL202010_meyers/Lab09/Lab09_ALU_with_Input_Register/vivado.log
# Journal file: C:/Users/maken/Documents/ELC Lab 2137/DL202010_meyers/Lab09/Lab09_ALU_with_Input_Register\vivado.jou
#-----------------------------------------------------------
start_gui
open_project {C:/Users/maken/Documents/ELC Lab 2137/DL202010_meyers/Lab09/Lab09_ALU_with_Input_Register/Lab09_ALU_with_Input_Register.xpr}
INFO: [ProjectBase 1-489] The host OS only allows 260 characters in a normal path. The project is stored in a path with more than 80 characters. If you experience issues with IP, Block Designs, or files not being found, please consider moving the project to a location with a shorter path. Alternately consider using the OS subst command to map part of the path to a drive letter.
Current project path is 'C:/Users/maken/Documents/ELC Lab 2137/DL202010_meyers/Lab09/Lab09_ALU_with_Input_Register'
Scanning sources...
Finished scanning sources
INFO: [IP_Flow 19-234] Refreshing IP repositories
INFO: [IP_Flow 19-1704] No user IP repositories specified
INFO: [IP_Flow 19-2313] Loaded Vivado IP repository 'C:/Users/maken/Documents/Vivado/2018.3/data/ip'.
open_project: Time (s): cpu = 00:00:11 ; elapsed = 00:00:06 . Memory (MB): peak = 699.125 ; gain = 91.863
update_compile_order -fileset sources_1
launch_runs synth_1 -jobs 6
[Thu Apr  2 07:51:56 2020] Launched synth_1...
Run output will be captured here: C:/Users/maken/Documents/ELC Lab 2137/DL202010_meyers/Lab09/Lab09_ALU_with_Input_Register/Lab09_ALU_with_Input_Register.runs/synth_1/runme.log
launch_runs impl_1 -jobs 6
[Thu Apr  2 07:52:51 2020] Launched impl_1...
Run output will be captured here: C:/Users/maken/Documents/ELC Lab 2137/DL202010_meyers/Lab09/Lab09_ALU_with_Input_Register/Lab09_ALU_with_Input_Register.runs/impl_1/runme.log
launch_runs impl_1 -to_step write_bitstream -jobs 6
[Thu Apr  2 07:54:32 2020] Launched impl_1...
Run output will be captured here: C:/Users/maken/Documents/ELC Lab 2137/DL202010_meyers/Lab09/Lab09_ALU_with_Input_Register/Lab09_ALU_with_Input_Register.runs/impl_1/runme.log
open_run synth_1 -name synth_1
Design is defaulting to impl run constrset: constrs_1
Design is defaulting to synth run part: xc7a35tcpg236-1
INFO: [Netlist 29-17] Analyzing 2 Unisim elements for replacement
INFO: [Netlist 29-28] Unisim Transformation completed in 0 CPU seconds
INFO: [Project 1-479] Netlist was created with Vivado 2018.3
INFO: [Device 21-403] Loading part xc7a35tcpg236-1
INFO: [Project 1-570] Preparing netlist for logic optimization
Parsing XDC File [C:/Users/maken/Documents/ELC Lab 2137/DL202010_meyers/Lab09/btnC.xdc]
WARNING: [Vivado 12-584] No ports matched 'btnC'. [C:/Users/maken/Documents/ELC Lab 2137/DL202010_meyers/Lab09/btnC.xdc:1]
CRITICAL WARNING: [Common 17-55] 'set_property' expects at least one object. [C:/Users/maken/Documents/ELC Lab 2137/DL202010_meyers/Lab09/btnC.xdc:1]
Resolution: If [get_<value>] was used to populate the object, check to make sure this command returns at least one valid object.
WARNING: [Vivado 12-584] No ports matched 'btnC'. [C:/Users/maken/Documents/ELC Lab 2137/DL202010_meyers/Lab09/btnC.xdc:2]
CRITICAL WARNING: [Common 17-55] 'set_property' expects at least one object. [C:/Users/maken/Documents/ELC Lab 2137/DL202010_meyers/Lab09/btnC.xdc:2]
Resolution: If [get_<value>] was used to populate the object, check to make sure this command returns at least one valid object.
Finished Parsing XDC File [C:/Users/maken/Documents/ELC Lab 2137/DL202010_meyers/Lab09/btnC.xdc]
Parsing XDC File [C:/Users/maken/Documents/ELC Lab 2137/DL202010_meyers/Lab09/btnD.xdc]
WARNING: [Vivado 12-584] No ports matched 'btnD'. [C:/Users/maken/Documents/ELC Lab 2137/DL202010_meyers/Lab09/btnD.xdc:1]
CRITICAL WARNING: [Common 17-55] 'set_property' expects at least one object. [C:/Users/maken/Documents/ELC Lab 2137/DL202010_meyers/Lab09/btnD.xdc:1]
Resolution: If [get_<value>] was used to populate the object, check to make sure this command returns at least one valid object.
WARNING: [Vivado 12-584] No ports matched 'btnD'. [C:/Users/maken/Documents/ELC Lab 2137/DL202010_meyers/Lab09/btnD.xdc:2]
CRITICAL WARNING: [Common 17-55] 'set_property' expects at least one object. [C:/Users/maken/Documents/ELC Lab 2137/DL202010_meyers/Lab09/btnD.xdc:2]
Resolution: If [get_<value>] was used to populate the object, check to make sure this command returns at least one valid object.
Finished Parsing XDC File [C:/Users/maken/Documents/ELC Lab 2137/DL202010_meyers/Lab09/btnD.xdc]
Parsing XDC File [C:/Users/maken/Documents/ELC Lab 2137/DL202010_meyers/Lab09/btnU.xdc]
WARNING: [Vivado 12-584] No ports matched 'btnU'. [C:/Users/maken/Documents/ELC Lab 2137/DL202010_meyers/Lab09/btnU.xdc:1]
CRITICAL WARNING: [Common 17-55] 'set_property' expects at least one object. [C:/Users/maken/Documents/ELC Lab 2137/DL202010_meyers/Lab09/btnU.xdc:1]
Resolution: If [get_<value>] was used to populate the object, check to make sure this command returns at least one valid object.
WARNING: [Vivado 12-584] No ports matched 'btnU'. [C:/Users/maken/Documents/ELC Lab 2137/DL202010_meyers/Lab09/btnU.xdc:2]
CRITICAL WARNING: [Common 17-55] 'set_property' expects at least one object. [C:/Users/maken/Documents/ELC Lab 2137/DL202010_meyers/Lab09/btnU.xdc:2]
Resolution: If [get_<value>] was used to populate the object, check to make sure this command returns at least one valid object.
Finished Parsing XDC File [C:/Users/maken/Documents/ELC Lab 2137/DL202010_meyers/Lab09/btnU.xdc]
Parsing XDC File [C:/Users/maken/Documents/ELC Lab 2137/DL202010_meyers/Lab09/clock.xdc]
WARNING: [Vivado 12-584] No ports matched 'clk'. [C:/Users/maken/Documents/ELC Lab 2137/DL202010_meyers/Lab09/clock.xdc:2]
CRITICAL WARNING: [Common 17-55] 'set_property' expects at least one object. [C:/Users/maken/Documents/ELC Lab 2137/DL202010_meyers/Lab09/clock.xdc:2]
Resolution: If [get_<value>] was used to populate the object, check to make sure this command returns at least one valid object.
WARNING: [Vivado 12-584] No ports matched 'clk'. [C:/Users/maken/Documents/ELC Lab 2137/DL202010_meyers/Lab09/clock.xdc:3]
CRITICAL WARNING: [Common 17-55] 'set_property' expects at least one object. [C:/Users/maken/Documents/ELC Lab 2137/DL202010_meyers/Lab09/clock.xdc:3]
Resolution: If [get_<value>] was used to populate the object, check to make sure this command returns at least one valid object.
WARNING: [Vivado 12-584] No ports matched 'clk'. [C:/Users/maken/Documents/ELC Lab 2137/DL202010_meyers/Lab09/clock.xdc:4]
CRITICAL WARNING: [Vivado 12-4739] create_clock:No valid object(s) found for '-objects [get_ports clk]'. [C:/Users/maken/Documents/ELC Lab 2137/DL202010_meyers/Lab09/clock.xdc:4]
Resolution: Check if the specified object(s) exists in the current design. If it does, ensure that the correct design hierarchy was specified for the object. If you are working with clocks, make sure create_clock was used to create the clock object before it is referenced.
Finished Parsing XDC File [C:/Users/maken/Documents/ELC Lab 2137/DL202010_meyers/Lab09/clock.xdc]
Parsing XDC File [C:/Users/maken/Documents/ELC Lab 2137/DL202010_meyers/Lab09/led.xdc]
WARNING: [Vivado 12-584] No ports matched 'led[0]'. [C:/Users/maken/Documents/ELC Lab 2137/DL202010_meyers/Lab09/led.xdc:2]
CRITICAL WARNING: [Common 17-55] 'set_property' expects at least one object. [C:/Users/maken/Documents/ELC Lab 2137/DL202010_meyers/Lab09/led.xdc:2]
Resolution: If [get_<value>] was used to populate the object, check to make sure this command returns at least one valid object.
WARNING: [Vivado 12-584] No ports matched 'led[0]'. [C:/Users/maken/Documents/ELC Lab 2137/DL202010_meyers/Lab09/led.xdc:3]
CRITICAL WARNING: [Common 17-55] 'set_property' expects at least one object. [C:/Users/maken/Documents/ELC Lab 2137/DL202010_meyers/Lab09/led.xdc:3]
Resolution: If [get_<value>] was used to populate the object, check to make sure this command returns at least one valid object.
WARNING: [Vivado 12-584] No ports matched 'led[1]'. [C:/Users/maken/Documents/ELC Lab 2137/DL202010_meyers/Lab09/led.xdc:4]
CRITICAL WARNING: [Common 17-55] 'set_property' expects at least one object. [C:/Users/maken/Documents/ELC Lab 2137/DL202010_meyers/Lab09/led.xdc:4]
Resolution: If [get_<value>] was used to populate the object, check to make sure this command returns at least one valid object.
WARNING: [Vivado 12-584] No ports matched 'led[1]'. [C:/Users/maken/Documents/ELC Lab 2137/DL202010_meyers/Lab09/led.xdc:5]
CRITICAL WARNING: [Common 17-55] 'set_property' expects at least one object. [C:/Users/maken/Documents/ELC Lab 2137/DL202010_meyers/Lab09/led.xdc:5]
Resolution: If [get_<value>] was used to populate the object, check to make sure this command returns at least one valid object.
WARNING: [Vivado 12-584] No ports matched 'led[2]'. [C:/Users/maken/Documents/ELC Lab 2137/DL202010_meyers/Lab09/led.xdc:6]
CRITICAL WARNING: [Common 17-55] 'set_property' expects at least one object. [C:/Users/maken/Documents/ELC Lab 2137/DL202010_meyers/Lab09/led.xdc:6]
Resolution: If [get_<value>] was used to populate the object, check to make sure this command returns at least one valid object.
WARNING: [Vivado 12-584] No ports matched 'led[2]'. [C:/Users/maken/Documents/ELC Lab 2137/DL202010_meyers/Lab09/led.xdc:7]
CRITICAL WARNING: [Common 17-55] 'set_property' expects at least one object. [C:/Users/maken/Documents/ELC Lab 2137/DL202010_meyers/Lab09/led.xdc:7]
Resolution: If [get_<value>] was used to populate the object, check to make sure this command returns at least one valid object.
WARNING: [Vivado 12-584] No ports matched 'led[3]'. [C:/Users/maken/Documents/ELC Lab 2137/DL202010_meyers/Lab09/led.xdc:8]
CRITICAL WARNING: [Common 17-55] 'set_property' expects at least one object. [C:/Users/maken/Documents/ELC Lab 2137/DL202010_meyers/Lab09/led.xdc:8]
Resolution: If [get_<value>] was used to populate the object, check to make sure this command returns at least one valid object.
WARNING: [Vivado 12-584] No ports matched 'led[3]'. [C:/Users/maken/Documents/ELC Lab 2137/DL202010_meyers/Lab09/led.xdc:9]
CRITICAL WARNING: [Common 17-55] 'set_property' expects at least one object. [C:/Users/maken/Documents/ELC Lab 2137/DL202010_meyers/Lab09/led.xdc:9]
Resolution: If [get_<value>] was used to populate the object, check to make sure this command returns at least one valid object.
WARNING: [Vivado 12-584] No ports matched 'led[4]'. [C:/Users/maken/Documents/ELC Lab 2137/DL202010_meyers/Lab09/led.xdc:10]
CRITICAL WARNING: [Common 17-55] 'set_property' expects at least one object. [C:/Users/maken/Documents/ELC Lab 2137/DL202010_meyers/Lab09/led.xdc:10]
Resolution: If [get_<value>] was used to populate the object, check to make sure this command returns at least one valid object.
WARNING: [Vivado 12-584] No ports matched 'led[4]'. [C:/Users/maken/Documents/ELC Lab 2137/DL202010_meyers/Lab09/led.xdc:11]
CRITICAL WARNING: [Common 17-55] 'set_property' expects at least one object. [C:/Users/maken/Documents/ELC Lab 2137/DL202010_meyers/Lab09/led.xdc:11]
Resolution: If [get_<value>] was used to populate the object, check to make sure this command returns at least one valid object.
WARNING: [Vivado 12-584] No ports matched 'led[5]'. [C:/Users/maken/Documents/ELC Lab 2137/DL202010_meyers/Lab09/led.xdc:12]
CRITICAL WARNING: [Common 17-55] 'set_property' expects at least one object. [C:/Users/maken/Documents/ELC Lab 2137/DL202010_meyers/Lab09/led.xdc:12]
Resolution: If [get_<value>] was used to populate the object, check to make sure this command returns at least one valid object.
WARNING: [Vivado 12-584] No ports matched 'led[5]'. [C:/Users/maken/Documents/ELC Lab 2137/DL202010_meyers/Lab09/led.xdc:13]
CRITICAL WARNING: [Common 17-55] 'set_property' expects at least one object. [C:/Users/maken/Documents/ELC Lab 2137/DL202010_meyers/Lab09/led.xdc:13]
Resolution: If [get_<value>] was used to populate the object, check to make sure this command returns at least one valid object.
WARNING: [Vivado 12-584] No ports matched 'led[6]'. [C:/Users/maken/Documents/ELC Lab 2137/DL202010_meyers/Lab09/led.xdc:14]
CRITICAL WARNING: [Common 17-55] 'set_property' expects at least one object. [C:/Users/maken/Documents/ELC Lab 2137/DL202010_meyers/Lab09/led.xdc:14]
Resolution: If [get_<value>] was used to populate the object, check to make sure this command returns at least one valid object.
WARNING: [Vivado 12-584] No ports matched 'led[6]'. [C:/Users/maken/Documents/ELC Lab 2137/DL202010_meyers/Lab09/led.xdc:15]
CRITICAL WARNING: [Common 17-55] 'set_property' expects at least one object. [C:/Users/maken/Documents/ELC Lab 2137/DL202010_meyers/Lab09/led.xdc:15]
Resolution: If [get_<value>] was used to populate the object, check to make sure this command returns at least one valid object.
WARNING: [Vivado 12-584] No ports matched 'led[7]'. [C:/Users/maken/Documents/ELC Lab 2137/DL202010_meyers/Lab09/led.xdc:16]
CRITICAL WARNING: [Common 17-55] 'set_property' expects at least one object. [C:/Users/maken/Documents/ELC Lab 2137/DL202010_meyers/Lab09/led.xdc:16]
Resolution: If [get_<value>] was used to populate the object, check to make sure this command returns at least one valid object.
WARNING: [Vivado 12-584] No ports matched 'led[7]'. [C:/Users/maken/Documents/ELC Lab 2137/DL202010_meyers/Lab09/led.xdc:17]
CRITICAL WARNING: [Common 17-55] 'set_property' expects at least one object. [C:/Users/maken/Documents/ELC Lab 2137/DL202010_meyers/Lab09/led.xdc:17]
Resolution: If [get_<value>] was used to populate the object, check to make sure this command returns at least one valid object.
WARNING: [Vivado 12-584] No ports matched 'led[8]'. [C:/Users/maken/Documents/ELC Lab 2137/DL202010_meyers/Lab09/led.xdc:18]
CRITICAL WARNING: [Common 17-55] 'set_property' expects at least one object. [C:/Users/maken/Documents/ELC Lab 2137/DL202010_meyers/Lab09/led.xdc:18]
Resolution: If [get_<value>] was used to populate the object, check to make sure this command returns at least one valid object.
WARNING: [Vivado 12-584] No ports matched 'led[8]'. [C:/Users/maken/Documents/ELC Lab 2137/DL202010_meyers/Lab09/led.xdc:19]
CRITICAL WARNING: [Common 17-55] 'set_property' expects at least one object. [C:/Users/maken/Documents/ELC Lab 2137/DL202010_meyers/Lab09/led.xdc:19]
Resolution: If [get_<value>] was used to populate the object, check to make sure this command returns at least one valid object.
WARNING: [Vivado 12-584] No ports matched 'led[9]'. [C:/Users/maken/Documents/ELC Lab 2137/DL202010_meyers/Lab09/led.xdc:20]
CRITICAL WARNING: [Common 17-55] 'set_property' expects at least one object. [C:/Users/maken/Documents/ELC Lab 2137/DL202010_meyers/Lab09/led.xdc:20]
Resolution: If [get_<value>] was used to populate the object, check to make sure this command returns at least one valid object.
WARNING: [Vivado 12-584] No ports matched 'led[9]'. [C:/Users/maken/Documents/ELC Lab 2137/DL202010_meyers/Lab09/led.xdc:21]
CRITICAL WARNING: [Common 17-55] 'set_property' expects at least one object. [C:/Users/maken/Documents/ELC Lab 2137/DL202010_meyers/Lab09/led.xdc:21]
Resolution: If [get_<value>] was used to populate the object, check to make sure this command returns at least one valid object.
WARNING: [Vivado 12-584] No ports matched 'led[10]'. [C:/Users/maken/Documents/ELC Lab 2137/DL202010_meyers/Lab09/led.xdc:22]
CRITICAL WARNING: [Common 17-55] 'set_property' expects at least one object. [C:/Users/maken/Documents/ELC Lab 2137/DL202010_meyers/Lab09/led.xdc:22]
Resolution: If [get_<value>] was used to populate the object, check to make sure this command returns at least one valid object.
WARNING: [Vivado 12-584] No ports matched 'led[10]'. [C:/Users/maken/Documents/ELC Lab 2137/DL202010_meyers/Lab09/led.xdc:23]
CRITICAL WARNING: [Common 17-55] 'set_property' expects at least one object. [C:/Users/maken/Documents/ELC Lab 2137/DL202010_meyers/Lab09/led.xdc:23]
Resolution: If [get_<value>] was used to populate the object, check to make sure this command returns at least one valid object.
WARNING: [Vivado 12-584] No ports matched 'led[11]'. [C:/Users/maken/Documents/ELC Lab 2137/DL202010_meyers/Lab09/led.xdc:24]
CRITICAL WARNING: [Common 17-55] 'set_property' expects at least one object. [C:/Users/maken/Documents/ELC Lab 2137/DL202010_meyers/Lab09/led.xdc:24]
Resolution: If [get_<value>] was used to populate the object, check to make sure this command returns at least one valid object.
WARNING: [Vivado 12-584] No ports matched 'led[11]'. [C:/Users/maken/Documents/ELC Lab 2137/DL202010_meyers/Lab09/led.xdc:25]
CRITICAL WARNING: [Common 17-55] 'set_property' expects at least one object. [C:/Users/maken/Documents/ELC Lab 2137/DL202010_meyers/Lab09/led.xdc:25]
Resolution: If [get_<value>] was used to populate the object, check to make sure this command returns at least one valid object.
WARNING: [Vivado 12-584] No ports matched 'led[12]'. [C:/Users/maken/Documents/ELC Lab 2137/DL202010_meyers/Lab09/led.xdc:26]
CRITICAL WARNING: [Common 17-55] 'set_property' expects at least one object. [C:/Users/maken/Documents/ELC Lab 2137/DL202010_meyers/Lab09/led.xdc:26]
Resolution: If [get_<value>] was used to populate the object, check to make sure this command returns at least one valid object.
WARNING: [Vivado 12-584] No ports matched 'led[12]'. [C:/Users/maken/Documents/ELC Lab 2137/DL202010_meyers/Lab09/led.xdc:27]
CRITICAL WARNING: [Common 17-55] 'set_property' expects at least one object. [C:/Users/maken/Documents/ELC Lab 2137/DL202010_meyers/Lab09/led.xdc:27]
Resolution: If [get_<value>] was used to populate the object, check to make sure this command returns at least one valid object.
WARNING: [Vivado 12-584] No ports matched 'led[13]'. [C:/Users/maken/Documents/ELC Lab 2137/DL202010_meyers/Lab09/led.xdc:28]
CRITICAL WARNING: [Common 17-55] 'set_property' expects at least one object. [C:/Users/maken/Documents/ELC Lab 2137/DL202010_meyers/Lab09/led.xdc:28]
Resolution: If [get_<value>] was used to populate the object, check to make sure this command returns at least one valid object.
WARNING: [Vivado 12-584] No ports matched 'led[13]'. [C:/Users/maken/Documents/ELC Lab 2137/DL202010_meyers/Lab09/led.xdc:29]
CRITICAL WARNING: [Common 17-55] 'set_property' expects at least one object. [C:/Users/maken/Documents/ELC Lab 2137/DL202010_meyers/Lab09/led.xdc:29]
Resolution: If [get_<value>] was used to populate the object, check to make sure this command returns at least one valid object.
WARNING: [Vivado 12-584] No ports matched 'led[14]'. [C:/Users/maken/Documents/ELC Lab 2137/DL202010_meyers/Lab09/led.xdc:30]
CRITICAL WARNING: [Common 17-55] 'set_property' expects at least one object. [C:/Users/maken/Documents/ELC Lab 2137/DL202010_meyers/Lab09/led.xdc:30]
Resolution: If [get_<value>] was used to populate the object, check to make sure this command returns at least one valid object.
WARNING: [Vivado 12-584] No ports matched 'led[14]'. [C:/Users/maken/Documents/ELC Lab 2137/DL202010_meyers/Lab09/led.xdc:31]
CRITICAL WARNING: [Common 17-55] 'set_property' expects at least one object. [C:/Users/maken/Documents/ELC Lab 2137/DL202010_meyers/Lab09/led.xdc:31]
Resolution: If [get_<value>] was used to populate the object, check to make sure this command returns at least one valid object.
WARNING: [Vivado 12-584] No ports matched 'led[15]'. [C:/Users/maken/Documents/ELC Lab 2137/DL202010_meyers/Lab09/led.xdc:32]
CRITICAL WARNING: [Common 17-55] 'set_property' expects at least one object. [C:/Users/maken/Documents/ELC Lab 2137/DL202010_meyers/Lab09/led.xdc:32]
Resolution: If [get_<value>] was used to populate the object, check to make sure this command returns at least one valid object.
WARNING: [Vivado 12-584] No ports matched 'led[15]'. [C:/Users/maken/Documents/ELC Lab 2137/DL202010_meyers/Lab09/led.xdc:33]
CRITICAL WARNING: [Common 17-55] 'set_property' expects at least one object. [C:/Users/maken/Documents/ELC Lab 2137/DL202010_meyers/Lab09/led.xdc:33]
Resolution: If [get_<value>] was used to populate the object, check to make sure this command returns at least one valid object.
Finished Parsing XDC File [C:/Users/maken/Documents/ELC Lab 2137/DL202010_meyers/Lab09/led.xdc]
Parsing XDC File [C:/Users/maken/Documents/ELC Lab 2137/DL202010_meyers/Lab09/switches.xdc]
WARNING: [Vivado 12-584] No ports matched 'sw[0]'. [C:/Users/maken/Documents/ELC Lab 2137/DL202010_meyers/Lab09/switches.xdc:2]
CRITICAL WARNING: [Common 17-55] 'set_property' expects at least one object. [C:/Users/maken/Documents/ELC Lab 2137/DL202010_meyers/Lab09/switches.xdc:2]
Resolution: If [get_<value>] was used to populate the object, check to make sure this command returns at least one valid object.
WARNING: [Vivado 12-584] No ports matched 'sw[0]'. [C:/Users/maken/Documents/ELC Lab 2137/DL202010_meyers/Lab09/switches.xdc:3]
CRITICAL WARNING: [Common 17-55] 'set_property' expects at least one object. [C:/Users/maken/Documents/ELC Lab 2137/DL202010_meyers/Lab09/switches.xdc:3]
Resolution: If [get_<value>] was used to populate the object, check to make sure this command returns at least one valid object.
WARNING: [Vivado 12-584] No ports matched 'sw[1]'. [C:/Users/maken/Documents/ELC Lab 2137/DL202010_meyers/Lab09/switches.xdc:4]
CRITICAL WARNING: [Common 17-55] 'set_property' expects at least one object. [C:/Users/maken/Documents/ELC Lab 2137/DL202010_meyers/Lab09/switches.xdc:4]
Resolution: If [get_<value>] was used to populate the object, check to make sure this command returns at least one valid object.
WARNING: [Vivado 12-584] No ports matched 'sw[1]'. [C:/Users/maken/Documents/ELC Lab 2137/DL202010_meyers/Lab09/switches.xdc:5]
CRITICAL WARNING: [Common 17-55] 'set_property' expects at least one object. [C:/Users/maken/Documents/ELC Lab 2137/DL202010_meyers/Lab09/switches.xdc:5]
Resolution: If [get_<value>] was used to populate the object, check to make sure this command returns at least one valid object.
WARNING: [Vivado 12-584] No ports matched 'sw[2]'. [C:/Users/maken/Documents/ELC Lab 2137/DL202010_meyers/Lab09/switches.xdc:6]
CRITICAL WARNING: [Common 17-55] 'set_property' expects at least one object. [C:/Users/maken/Documents/ELC Lab 2137/DL202010_meyers/Lab09/switches.xdc:6]
Resolution: If [get_<value>] was used to populate the object, check to make sure this command returns at least one valid object.
WARNING: [Vivado 12-584] No ports matched 'sw[2]'. [C:/Users/maken/Documents/ELC Lab 2137/DL202010_meyers/Lab09/switches.xdc:7]
CRITICAL WARNING: [Common 17-55] 'set_property' expects at least one object. [C:/Users/maken/Documents/ELC Lab 2137/DL202010_meyers/Lab09/switches.xdc:7]
Resolution: If [get_<value>] was used to populate the object, check to make sure this command returns at least one valid object.
WARNING: [Vivado 12-584] No ports matched 'sw[3]'. [C:/Users/maken/Documents/ELC Lab 2137/DL202010_meyers/Lab09/switches.xdc:8]
CRITICAL WARNING: [Common 17-55] 'set_property' expects at least one object. [C:/Users/maken/Documents/ELC Lab 2137/DL202010_meyers/Lab09/switches.xdc:8]
Resolution: If [get_<value>] was used to populate the object, check to make sure this command returns at least one valid object.
WARNING: [Vivado 12-584] No ports matched 'sw[3]'. [C:/Users/maken/Documents/ELC Lab 2137/DL202010_meyers/Lab09/switches.xdc:9]
CRITICAL WARNING: [Common 17-55] 'set_property' expects at least one object. [C:/Users/maken/Documents/ELC Lab 2137/DL202010_meyers/Lab09/switches.xdc:9]
Resolution: If [get_<value>] was used to populate the object, check to make sure this command returns at least one valid object.
WARNING: [Vivado 12-584] No ports matched 'sw[4]'. [C:/Users/maken/Documents/ELC Lab 2137/DL202010_meyers/Lab09/switches.xdc:10]
CRITICAL WARNING: [Common 17-55] 'set_property' expects at least one object. [C:/Users/maken/Documents/ELC Lab 2137/DL202010_meyers/Lab09/switches.xdc:10]
Resolution: If [get_<value>] was used to populate the object, check to make sure this command returns at least one valid object.
WARNING: [Vivado 12-584] No ports matched 'sw[4]'. [C:/Users/maken/Documents/ELC Lab 2137/DL202010_meyers/Lab09/switches.xdc:11]
CRITICAL WARNING: [Common 17-55] 'set_property' expects at least one object. [C:/Users/maken/Documents/ELC Lab 2137/DL202010_meyers/Lab09/switches.xdc:11]
Resolution: If [get_<value>] was used to populate the object, check to make sure this command returns at least one valid object.
WARNING: [Vivado 12-584] No ports matched 'sw[5]'. [C:/Users/maken/Documents/ELC Lab 2137/DL202010_meyers/Lab09/switches.xdc:12]
CRITICAL WARNING: [Common 17-55] 'set_property' expects at least one object. [C:/Users/maken/Documents/ELC Lab 2137/DL202010_meyers/Lab09/switches.xdc:12]
Resolution: If [get_<value>] was used to populate the object, check to make sure this command returns at least one valid object.
WARNING: [Vivado 12-584] No ports matched 'sw[5]'. [C:/Users/maken/Documents/ELC Lab 2137/DL202010_meyers/Lab09/switches.xdc:13]
CRITICAL WARNING: [Common 17-55] 'set_property' expects at least one object. [C:/Users/maken/Documents/ELC Lab 2137/DL202010_meyers/Lab09/switches.xdc:13]
Resolution: If [get_<value>] was used to populate the object, check to make sure this command returns at least one valid object.
WARNING: [Vivado 12-584] No ports matched 'sw[6]'. [C:/Users/maken/Documents/ELC Lab 2137/DL202010_meyers/Lab09/switches.xdc:14]
CRITICAL WARNING: [Common 17-55] 'set_property' expects at least one object. [C:/Users/maken/Documents/ELC Lab 2137/DL202010_meyers/Lab09/switches.xdc:14]
Resolution: If [get_<value>] was used to populate the object, check to make sure this command returns at least one valid object.
WARNING: [Vivado 12-584] No ports matched 'sw[6]'. [C:/Users/maken/Documents/ELC Lab 2137/DL202010_meyers/Lab09/switches.xdc:15]
CRITICAL WARNING: [Common 17-55] 'set_property' expects at least one object. [C:/Users/maken/Documents/ELC Lab 2137/DL202010_meyers/Lab09/switches.xdc:15]
Resolution: If [get_<value>] was used to populate the object, check to make sure this command returns at least one valid object.
WARNING: [Vivado 12-584] No ports matched 'sw[7]'. [C:/Users/maken/Documents/ELC Lab 2137/DL202010_meyers/Lab09/switches.xdc:16]
CRITICAL WARNING: [Common 17-55] 'set_property' expects at least one object. [C:/Users/maken/Documents/ELC Lab 2137/DL202010_meyers/Lab09/switches.xdc:16]
Resolution: If [get_<value>] was used to populate the object, check to make sure this command returns at least one valid object.
WARNING: [Vivado 12-584] No ports matched 'sw[7]'. [C:/Users/maken/Documents/ELC Lab 2137/DL202010_meyers/Lab09/switches.xdc:17]
CRITICAL WARNING: [Common 17-55] 'set_property' expects at least one object. [C:/Users/maken/Documents/ELC Lab 2137/DL202010_meyers/Lab09/switches.xdc:17]
Resolution: If [get_<value>] was used to populate the object, check to make sure this command returns at least one valid object.
WARNING: [Vivado 12-584] No ports matched 'sw[8]'. [C:/Users/maken/Documents/ELC Lab 2137/DL202010_meyers/Lab09/switches.xdc:18]
CRITICAL WARNING: [Common 17-55] 'set_property' expects at least one object. [C:/Users/maken/Documents/ELC Lab 2137/DL202010_meyers/Lab09/switches.xdc:18]
Resolution: If [get_<value>] was used to populate the object, check to make sure this command returns at least one valid object.
WARNING: [Vivado 12-584] No ports matched 'sw[8]'. [C:/Users/maken/Documents/ELC Lab 2137/DL202010_meyers/Lab09/switches.xdc:19]
CRITICAL WARNING: [Common 17-55] 'set_property' expects at least one object. [C:/Users/maken/Documents/ELC Lab 2137/DL202010_meyers/Lab09/switches.xdc:19]
Resolution: If [get_<value>] was used to populate the object, check to make sure this command returns at least one valid object.
WARNING: [Vivado 12-584] No ports matched 'sw[9]'. [C:/Users/maken/Documents/ELC Lab 2137/DL202010_meyers/Lab09/switches.xdc:20]
CRITICAL WARNING: [Common 17-55] 'set_property' expects at least one object. [C:/Users/maken/Documents/ELC Lab 2137/DL202010_meyers/Lab09/switches.xdc:20]
Resolution: If [get_<value>] was used to populate the object, check to make sure this command returns at least one valid object.
WARNING: [Vivado 12-584] No ports matched 'sw[9]'. [C:/Users/maken/Documents/ELC Lab 2137/DL202010_meyers/Lab09/switches.xdc:21]
CRITICAL WARNING: [Common 17-55] 'set_property' expects at least one object. [C:/Users/maken/Documents/ELC Lab 2137/DL202010_meyers/Lab09/switches.xdc:21]
Resolution: If [get_<value>] was used to populate the object, check to make sure this command returns at least one valid object.
WARNING: [Vivado 12-584] No ports matched 'sw[10]'. [C:/Users/maken/Documents/ELC Lab 2137/DL202010_meyers/Lab09/switches.xdc:22]
CRITICAL WARNING: [Common 17-55] 'set_property' expects at least one object. [C:/Users/maken/Documents/ELC Lab 2137/DL202010_meyers/Lab09/switches.xdc:22]
Resolution: If [get_<value>] was used to populate the object, check to make sure this command returns at least one valid object.
WARNING: [Vivado 12-584] No ports matched 'sw[10]'. [C:/Users/maken/Documents/ELC Lab 2137/DL202010_meyers/Lab09/switches.xdc:23]
CRITICAL WARNING: [Common 17-55] 'set_property' expects at least one object. [C:/Users/maken/Documents/ELC Lab 2137/DL202010_meyers/Lab09/switches.xdc:23]
Resolution: If [get_<value>] was used to populate the object, check to make sure this command returns at least one valid object.
WARNING: [Vivado 12-584] No ports matched 'sw[11]'. [C:/Users/maken/Documents/ELC Lab 2137/DL202010_meyers/Lab09/switches.xdc:24]
CRITICAL WARNING: [Common 17-55] 'set_property' expects at least one object. [C:/Users/maken/Documents/ELC Lab 2137/DL202010_meyers/Lab09/switches.xdc:24]
Resolution: If [get_<value>] was used to populate the object, check to make sure this command returns at least one valid object.
WARNING: [Vivado 12-584] No ports matched 'sw[11]'. [C:/Users/maken/Documents/ELC Lab 2137/DL202010_meyers/Lab09/switches.xdc:25]
CRITICAL WARNING: [Common 17-55] 'set_property' expects at least one object. [C:/Users/maken/Documents/ELC Lab 2137/DL202010_meyers/Lab09/switches.xdc:25]
Resolution: If [get_<value>] was used to populate the object, check to make sure this command returns at least one valid object.
WARNING: [Vivado 12-584] No ports matched 'sw[12]'. [C:/Users/maken/Documents/ELC Lab 2137/DL202010_meyers/Lab09/switches.xdc:26]
CRITICAL WARNING: [Common 17-55] 'set_property' expects at least one object. [C:/Users/maken/Documents/ELC Lab 2137/DL202010_meyers/Lab09/switches.xdc:26]
Resolution: If [get_<value>] was used to populate the object, check to make sure this command returns at least one valid object.
WARNING: [Vivado 12-584] No ports matched 'sw[12]'. [C:/Users/maken/Documents/ELC Lab 2137/DL202010_meyers/Lab09/switches.xdc:27]
CRITICAL WARNING: [Common 17-55] 'set_property' expects at least one object. [C:/Users/maken/Documents/ELC Lab 2137/DL202010_meyers/Lab09/switches.xdc:27]
Resolution: If [get_<value>] was used to populate the object, check to make sure this command returns at least one valid object.
WARNING: [Vivado 12-584] No ports matched 'sw[13]'. [C:/Users/maken/Documents/ELC Lab 2137/DL202010_meyers/Lab09/switches.xdc:28]
CRITICAL WARNING: [Common 17-55] 'set_property' expects at least one object. [C:/Users/maken/Documents/ELC Lab 2137/DL202010_meyers/Lab09/switches.xdc:28]
Resolution: If [get_<value>] was used to populate the object, check to make sure this command returns at least one valid object.
WARNING: [Vivado 12-584] No ports matched 'sw[13]'. [C:/Users/maken/Documents/ELC Lab 2137/DL202010_meyers/Lab09/switches.xdc:29]
CRITICAL WARNING: [Common 17-55] 'set_property' expects at least one object. [C:/Users/maken/Documents/ELC Lab 2137/DL202010_meyers/Lab09/switches.xdc:29]
Resolution: If [get_<value>] was used to populate the object, check to make sure this command returns at least one valid object.
WARNING: [Vivado 12-584] No ports matched 'sw[14]'. [C:/Users/maken/Documents/ELC Lab 2137/DL202010_meyers/Lab09/switches.xdc:30]
CRITICAL WARNING: [Common 17-55] 'set_property' expects at least one object. [C:/Users/maken/Documents/ELC Lab 2137/DL202010_meyers/Lab09/switches.xdc:30]
Resolution: If [get_<value>] was used to populate the object, check to make sure this command returns at least one valid object.
WARNING: [Vivado 12-584] No ports matched 'sw[14]'. [C:/Users/maken/Documents/ELC Lab 2137/DL202010_meyers/Lab09/switches.xdc:31]
CRITICAL WARNING: [Common 17-55] 'set_property' expects at least one object. [C:/Users/maken/Documents/ELC Lab 2137/DL202010_meyers/Lab09/switches.xdc:31]
Resolution: If [get_<value>] was used to populate the object, check to make sure this command returns at least one valid object.
WARNING: [Vivado 12-584] No ports matched 'sw[15]'. [C:/Users/maken/Documents/ELC Lab 2137/DL202010_meyers/Lab09/switches.xdc:32]
CRITICAL WARNING: [Common 17-55] 'set_property' expects at least one object. [C:/Users/maken/Documents/ELC Lab 2137/DL202010_meyers/Lab09/switches.xdc:32]
Resolution: If [get_<value>] was used to populate the object, check to make sure this command returns at least one valid object.
WARNING: [Vivado 12-584] No ports matched 'sw[15]'. [C:/Users/maken/Documents/ELC Lab 2137/DL202010_meyers/Lab09/switches.xdc:33]
CRITICAL WARNING: [Common 17-55] 'set_property' expects at least one object. [C:/Users/maken/Documents/ELC Lab 2137/DL202010_meyers/Lab09/switches.xdc:33]
Resolution: If [get_<value>] was used to populate the object, check to make sure this command returns at least one valid object.
Finished Parsing XDC File [C:/Users/maken/Documents/ELC Lab 2137/DL202010_meyers/Lab09/switches.xdc]
INFO: [Opt 31-138] Pushed 0 inverter(s) to 0 load pin(s).
Netlist sorting complete. Time (s): cpu = 00:00:00 ; elapsed = 00:00:00 . Memory (MB): peak = 1038.277 ; gain = 0.000
INFO: [Project 1-111] Unisim Transformation Summary:
No Unisim elements were transformed.

open_run: Time (s): cpu = 00:00:19 ; elapsed = 00:00:11 . Memory (MB): peak = 1157.098 ; gain = 411.156
close_design
open_run impl_1
INFO: [Netlist 29-17] Analyzing 2 Unisim elements for replacement
INFO: [Netlist 29-28] Unisim Transformation completed in 0 CPU seconds
INFO: [Project 1-479] Netlist was created with Vivado 2018.3
INFO: [Project 1-570] Preparing netlist for logic optimization
INFO: [Timing 38-478] Restoring timing data from binary archive.
INFO: [Timing 38-479] Binary timing data restore complete.
INFO: [Project 1-856] Restoring constraints from binary archive.
INFO: [Project 1-853] Binary constraint restore complete.
Reading XDEF placement.
Reading placer database...
Reading XDEF routing.
Read XDEF File: Time (s): cpu = 00:00:00 ; elapsed = 00:00:00.051 . Memory (MB): peak = 1694.703 ; gain = 0.000
Restored from archive | CPU: 0.000000 secs | Memory: 0.000000 MB |
Finished XDEF File Restore: Time (s): cpu = 00:00:00 ; elapsed = 00:00:00.051 . Memory (MB): peak = 1694.703 ; gain = 0.000
Netlist sorting complete. Time (s): cpu = 00:00:00 ; elapsed = 00:00:00 . Memory (MB): peak = 1694.703 ; gain = 0.000
INFO: [Project 1-111] Unisim Transformation Summary:
No Unisim elements were transformed.

WARNING: [Timing 38-313] There are no user specified timing constraints. Timing constraints are needed for proper timing analysis.
reset_run impl_1
launch_runs impl_1 -jobs 6
[Thu Apr  2 08:21:54 2020] Launched impl_1...
Run output will be captured here: C:/Users/maken/Documents/ELC Lab 2137/DL202010_meyers/Lab09/Lab09_ALU_with_Input_Register/Lab09_ALU_with_Input_Register.runs/impl_1/runme.log
launch_runs impl_1 -to_step write_bitstream -jobs 6
[Thu Apr  2 08:23:15 2020] Launched impl_1...
Run output will be captured here: C:/Users/maken/Documents/ELC Lab 2137/DL202010_meyers/Lab09/Lab09_ALU_with_Input_Register/Lab09_ALU_with_Input_Register.runs/impl_1/runme.log
reset_run impl_1
launch_runs impl_1 -jobs 6
[Thu Apr  2 08:47:35 2020] Launched impl_1...
Run output will be captured here: C:/Users/maken/Documents/ELC Lab 2137/DL202010_meyers/Lab09/Lab09_ALU_with_Input_Register/Lab09_ALU_with_Input_Register.runs/impl_1/runme.log
import_files -fileset constrs_1 {{C:/Users/maken/Documents/ELC Lab 2137/DL202010_meyers/Lab09/btnC.xdc}}
import_files -fileset constrs_1 {{C:/Users/maken/Documents/ELC Lab 2137/DL202010_meyers/Lab09/btnD.xdc}}
import_files -fileset constrs_1 {{C:/Users/maken/Documents/ELC Lab 2137/DL202010_meyers/Lab09/btnU.xdc}}
import_files -fileset constrs_1 {{C:/Users/maken/Documents/ELC Lab 2137/DL202010_meyers/Lab09/clock.xdc}}
import_files -fileset constrs_1 {{C:/Users/maken/Documents/ELC Lab 2137/DL202010_meyers/Lab09/led.xdc}}
import_files -fileset constrs_1 {{C:/Users/maken/Documents/ELC Lab 2137/DL202010_meyers/Lab09/switches.xdc}}
reset_run impl_1
launch_runs impl_1 -jobs 6
[Thu Apr  2 08:56:06 2020] Launched impl_1...
Run output will be captured here: C:/Users/maken/Documents/ELC Lab 2137/DL202010_meyers/Lab09/Lab09_ALU_with_Input_Register/Lab09_ALU_with_Input_Register.runs/impl_1/runme.log
launch_runs impl_1 -to_step write_bitstream -jobs 6
[Thu Apr  2 08:58:58 2020] Launched impl_1...
Run output will be captured here: C:/Users/maken/Documents/ELC Lab 2137/DL202010_meyers/Lab09/Lab09_ALU_with_Input_Register/Lab09_ALU_with_Input_Register.runs/impl_1/runme.log
reset_run impl_1
launch_runs impl_1 -jobs 6
[Thu Apr  2 09:07:52 2020] Launched impl_1...
Run output will be captured here: C:/Users/maken/Documents/ELC Lab 2137/DL202010_meyers/Lab09/Lab09_ALU_with_Input_Register/Lab09_ALU_with_Input_Register.runs/impl_1/runme.log
launch_runs impl_1 -to_step write_bitstream -jobs 6
[Thu Apr  2 09:16:20 2020] Launched impl_1...
Run output will be captured here: C:/Users/maken/Documents/ELC Lab 2137/DL202010_meyers/Lab09/Lab09_ALU_with_Input_Register/Lab09_ALU_with_Input_Register.runs/impl_1/runme.log
close_design
reset_run impl_1
launch_runs impl_1 -jobs 6
[Thu Apr  2 09:31:54 2020] Launched impl_1...
Run output will be captured here: C:/Users/maken/Documents/ELC Lab 2137/DL202010_meyers/Lab09/Lab09_ALU_with_Input_Register/Lab09_ALU_with_Input_Register.runs/impl_1/runme.log
launch_runs impl_1 -to_step write_bitstream -jobs 6
[Thu Apr  2 09:34:16 2020] Launched impl_1...
Run output will be captured here: C:/Users/maken/Documents/ELC Lab 2137/DL202010_meyers/Lab09/Lab09_ALU_with_Input_Register/Lab09_ALU_with_Input_Register.runs/impl_1/runme.log
reset_run impl_1
launch_runs impl_1 -jobs 6
[Thu Apr  2 09:45:39 2020] Launched impl_1...
Run output will be captured here: C:/Users/maken/Documents/ELC Lab 2137/DL202010_meyers/Lab09/Lab09_ALU_with_Input_Register/Lab09_ALU_with_Input_Register.runs/impl_1/runme.log
