#-----------------------------------------------------------
# Vivado v2018.3 (64-bit)
# SW Build 2405991 on Thu Dec  6 23:38:27 MST 2018
# IP Build 2404404 on Fri Dec  7 01:43:56 MST 2018
# Start of session at: Tue Feb 11 14:53:41 2020
# Process ID: 14244
# Current directory: C:/Users/MEYERSM/Desktop/Lab05_project
# Command line: vivado.exe -gui_launcher_event rodinguilauncherevent5092 C:\Users\MEYERSM\Desktop\Lab05_project\Lab05_project.xpr
# Log file: C:/Users/MEYERSM/Desktop/Lab05_project/vivado.log
# Journal file: C:/Users/MEYERSM/Desktop/Lab05_project\vivado.jou
#-----------------------------------------------------------
start_gui
open_project C:/Users/MEYERSM/Desktop/Lab05_project/Lab05_project.xpr
Scanning sources...
Finished scanning sources
INFO: [IP_Flow 19-234] Refreshing IP repositories
INFO: [IP_Flow 19-1704] No user IP repositories specified
INFO: [IP_Flow 19-2313] Loaded Vivado IP repository 'C:/XilinxVivado/Vivado/2018.3/data/ip'.
open_project: Time (s): cpu = 00:00:12 ; elapsed = 00:00:07 . Memory (MB): peak = 695.699 ; gain = 120.844
update_compile_order -fileset sim_2
